<?xml version="1.0" encoding="UTF-8"?>
<!-- Generated by org.testng.reporters.JUnitReportReporter -->
<testsuite skipped="0" hostname="DESKTOP-ASB5QBL" name="grid.GridEg" tests="1" failures="0" timestamp="29 Jul 2020 10:12:45 GMT" time="33.071" errors="0">
  <testcase name="test" time="33.071" classname="grid.GridEg"/>
</testsuite> <!-- grid.GridEg -->
