<?xml version="1.0" encoding="UTF-8"?>
<!-- Generated by org.testng.reporters.JUnitReportReporter -->
<testsuite skipped="0" hostname="DESKTOP-ASB5QBL" name="testNG.DataproviderEg" tests="3" failures="0" timestamp="24 Jul 2020 15:08:34 GMT" time="0.179" errors="0">
  <testcase name="org_EmpReg" time="0.010" classname="testNG.DataproviderEg"/>
  <testcase name="org_EmpReg" time="0.051" classname="testNG.DataproviderEg"/>
  <testcase name="org_EmpReg" time="0.118" classname="testNG.DataproviderEg"/>
</testsuite> <!-- testNG.DataproviderEg -->
