<?xml version="1.0" encoding="UTF-8"?>
<!-- Generated by org.testng.reporters.JUnitReportReporter -->
<testsuite skipped="1" hostname="DESKTOP-ASB5QBL" name="testNG.TestNGAnnotationsEg" tests="4" failures="0" timestamp="23 Jul 2020 15:12:34 GMT" time="0.113" errors="0">
  <testcase name="Function1" time="0.058" classname="testNG.TestNGAnnotationsEg"/>
  <testcase name="Function2" time="0.019" classname="testNG.TestNGAnnotationsEg"/>
  <testcase name="Function3" time="0.020" classname="testNG.TestNGAnnotationsEg">
    <skipped/>
  </testcase> <!-- Function3 -->
  <testcase name="Apple" time="0.016" classname="testNG.TestNGAnnotationsEg"/>
</testsuite> <!-- testNG.TestNGAnnotationsEg -->
