<?xml version="1.0" encoding="UTF-8"?>
<!-- Generated by org.testng.reporters.JUnitReportReporter -->
<testsuite skipped="0" hostname="DESKTOP-ASB5QBL" name="testNG.UserRegTC" tests="1" failures="0" timestamp="24 Jul 2020 14:54:44 GMT" time="16.452" errors="0">
  <testcase name="org_Userreg" time="16.452" classname="testNG.UserRegTC"/>
</testsuite> <!-- testNG.UserRegTC -->
