<?xml version="1.0" encoding="UTF-8"?>
<!-- Generated by org.testng.reporters.JUnitReportReporter -->
<testsuite skipped="0" hostname="DESKTOP-ASB5QBL" name="testNG.EmpRegTC" tests="3" failures="0" timestamp="24 Jul 2020 15:13:00 GMT" time="24.445" errors="0">
  <testcase name="org_EmpReg" time="6.954" classname="testNG.EmpRegTC"/>
  <testcase name="org_EmpReg" time="8.263" classname="testNG.EmpRegTC"/>
  <testcase name="org_EmpReg" time="9.228" classname="testNG.EmpRegTC"/>
</testsuite> <!-- testNG.EmpRegTC -->
